# JRE version: OpenJDK Runtime Environment Temurin-21.0.8+9 (21.0.8+9) (build 21.0.8+9-LTS)
# Java VM: OpenJDK 64-Bit Server VM Temurin-21.0.8+9 (21.0.8+9-LTS, mixed mode, sharing, tiered, compressed oops, compressed class ptrs, parallel gc, windows-amd64)
GC Precious Log:
 CardTable entry size: 512
 CPUs: 12 total, 12 available
 Memory: 14020M
 Large Page Support: Disabled
 NUMA Support: Disabled
 Compressed Oops: Enabled (32-bit)
 Alignments: Space 512K, Generation 512K, Heap 2M
 Heap Min Capacity: 100M
 Heap Initial Capacity: 100M
 Heap Max Capacity: 2G
 Pre-touch: Disabled
 Parallel Workers: 10
Heap:
 PSYoungGen      total 4608K, used 4371K [0x00000000d5580000, 0x00000000d5b80000, 0x0000000100000000)
  eden space 4096K, 95% used [0x00000000d5580000,0x00000000d5954e58,0x00000000d5980000)
  from space 512K, 87% used [0x00000000d5980000,0x00000000d59f0000,0x00000000d5a00000)
  to   space 1024K, 0% used [0x00000000d5a80000,0x00000000d5a80000,0x00000000d5b80000)
 ParOldGen       total 241152K, used 150813K [0x0000000080000000, 0x000000008eb80000, 0x00000000d5580000)
  object space 241152K, 62% used [0x0000000080000000,0x00000000893477a8,0x000000008eb80000)
 Metaspace       used 81770K, committed 83520K, reserved 1179648K
  class space    used 8583K, committed 9344K, reserved 1048576K
GC Heap History (20 events):
Event: 37.608 GC heap before
{Heap before GC invocations=526 (full 4):
 PSYoungGen      total 4608K, used 4448K [0x00000000d5580000, 0x00000000d5b80000, 0x0000000100000000)
  eden space 4096K, 100% used [0x00000000d5580000,0x00000000d5980000,0x00000000d5980000)
  from space 512K, 68% used [0x00000000d5a80000,0x00000000d5ad8000,0x00000000d5b00000)
  to   space 512K, 0% used [0x00000000d5b00000,0x00000000d5b00000,0x00000000d5b80000)
 ParOldGen       total 241152K, used 146725K [0x0000000080000000, 0x000000008eb80000, 0x00000000d5580000)
  object space 241152K, 60% used [0x0000000080000000,0x0000000088f49540,0x000000008eb80000)
 Metaspace       used 81286K, committed 83008K, reserved 1179648K
  class space    used 8548K, committed 9280K, reserved 1048576K
}
Event: 37.609 GC heap after
{Heap after GC invocations=526 (full 4):
 PSYoungGen      total 4608K, used 416K [0x00000000d5580000, 0x00000000d5b80000, 0x0000000100000000)
  eden space 4096K, 0% used [0x00000000d5580000,0x00000000d5580000,0x00000000d5980000)
  from space 512K, 81% used [0x00000000d5b00000,0x00000000d5b68000,0x00000000d5b80000)
  to   space 512K, 0% used [0x00000000d5a80000,0x00000000d5a80000,0x00000000d5b00000)
 ParOldGen       total 241152K, used 146893K [0x0000000080000000, 0x000000008eb80000, 0x00000000d5580000)
  object space 241152K, 60% used [0x0000000080000000,0x0000000088f73560,0x000000008eb80000)
 Metaspace       used 81286K, committed 83008K, reserved 1179648K
  class space    used 8548K, committed 9280K, reserved 1048576K
}
Event: 37.635 GC heap before
{Heap before GC invocations=527 (full 4):
 PSYoungGen      total 4608K, used 4512K [0x00000000d5580000, 0x00000000d5b80000, 0x0000000100000000)
  eden space 4096K, 100% used [0x00000000d5580000,0x00000000d5980000,0x00000000d5980000)
  from space 512K, 81% used [0x00000000d5b00000,0x00000000d5b68000,0x00000000d5b80000)
  to   space 512K, 0% used [0x00000000d5a80000,0x00000000d5a80000,0x00000000d5b00000)
 ParOldGen       total 241152K, used 146893K [0x0000000080000000, 0x000000008eb80000, 0x00000000d5580000)
  object space 241152K, 60% used [0x0000000080000000,0x0000000088f73560,0x000000008eb80000)
 Metaspace       used 81286K, committed 83008K, reserved 1179648K
  class space    used 8548K, committed 9280K, reserved 1048576K
}
Event: 37.636 GC heap after
{Heap after GC invocations=527 (full 4):
 PSYoungGen      total 4608K, used 448K [0x00000000d5580000, 0x00000000d5b80000, 0x0000000100000000)
  eden space 4096K, 0% used [0x00000000d5580000,0x00000000d5580000,0x00000000d5980000)
  from space 512K, 87% used [0x00000000d5a80000,0x00000000d5af0000,0x00000000d5b00000)
  to   space 512K, 0% used [0x00000000d5b00000,0x00000000d5b00000,0x00000000d5b80000)
 ParOldGen       total 241152K, used 147061K [0x0000000080000000, 0x000000008eb80000, 0x00000000d5580000)
  object space 241152K, 60% used [0x0000000080000000,0x0000000088f9d580,0x000000008eb80000)
 Metaspace       used 81286K, committed 83008K, reserved 1179648K
  class space    used 8548K, committed 9280K, reserved 1048576K
}
Event: 37.661 GC heap before
{Heap before GC invocations=528 (full 4):
 PSYoungGen      total 4608K, used 4544K [0x00000000d5580000, 0x00000000d5b80000, 0x0000000100000000)
  eden space 4096K, 100% used [0x00000000d5580000,0x00000000d5980000,0x00000000d5980000)
  from space 512K, 87% used [0x00000000d5a80000,0x00000000d5af0000,0x00000000d5b00000)
  to   space 512K, 0% used [0x00000000d5b00000,0x00000000d5b00000,0x00000000d5b80000)
 ParOldGen       total 241152K, used 147061K [0x0000000080000000, 0x000000008eb80000, 0x00000000d5580000)
  object space 241152K, 60% used [0x0000000080000000,0x0000000088f9d580,0x000000008eb80000)
 Metaspace       used 81294K, committed 83008K, reserved 1179648K
  class space    used 8548K, committed 9280K, reserved 1048576K
}
Event: 37.662 GC heap after
{Heap after GC invocations=528 (full 4):
 PSYoungGen      total 4608K, used 320K [0x00000000d5580000, 0x00000000d5b80000, 0x0000000100000000)
  eden space 4096K, 0% used [0x00000000d5580000,0x00000000d5580000,0x00000000d5980000)
  from space 512K, 62% used [0x00000000d5b00000,0x00000000d5b50000,0x00000000d5b80000)
  to   space 512K, 0% used [0x00000000d5a80000,0x00000000d5a80000,0x00000000d5b00000)
 ParOldGen       total 241152K, used 147269K [0x0000000080000000, 0x000000008eb80000, 0x00000000d5580000)
  object space 241152K, 61% used [0x0000000080000000,0x0000000088fd15a0,0x000000008eb80000)
 Metaspace       used 81294K, committed 83008K, reserved 1179648K
  class space    used 8548K, committed 9280K, reserved 1048576K
}
Event: 37.686 GC heap before
{Heap before GC invocations=529 (full 4):
 PSYoungGen      total 4608K, used 4416K [0x00000000d5580000, 0x00000000d5b80000, 0x0000000100000000)
  eden space 4096K, 100% used [0x00000000d5580000,0x00000000d5980000,0x00000000d5980000)
  from space 512K, 62% used [0x00000000d5b00000,0x00000000d5b50000,0x00000000d5b80000)
  to   space 512K, 0% used [0x00000000d5a80000,0x00000000d5a80000,0x00000000d5b00000)
 ParOldGen       total 241152K, used 147269K [0x0000000080000000, 0x000000008eb80000, 0x00000000d5580000)
  object space 241152K, 61% used [0x0000000080000000,0x0000000088fd15a0,0x000000008eb80000)
 Metaspace       used 81294K, committed 83008K, reserved 1179648K
  class space    used 8548K, committed 9280K, reserved 1048576K
}
Event: 37.687 GC heap after
{Heap after GC invocations=529 (full 4):
 PSYoungGen      total 4608K, used 512K [0x00000000d5580000, 0x00000000d5b80000, 0x0000000100000000)
  eden space 4096K, 0% used [0x00000000d5580000,0x00000000d5580000,0x00000000d5980000)
  from space 512K, 100% used [0x00000000d5a80000,0x00000000d5b00000,0x00000000d5b00000)
  to   space 512K, 0% used [0x00000000d5b00000,0x00000000d5b00000,0x00000000d5b80000)
 ParOldGen       total 241152K, used 147506K [0x0000000080000000, 0x000000008eb80000, 0x00000000d5580000)
  object space 241152K, 61% used [0x0000000080000000,0x000000008900c848,0x000000008eb80000)
 Metaspace       used 81294K, committed 83008K, reserved 1179648K
  class space    used 8548K, committed 9280K, reserved 1048576K
}
Event: 37.701 GC heap before
{Heap before GC invocations=530 (full 4):
 PSYoungGen      total 4608K, used 4608K [0x00000000d5580000, 0x00000000d5b80000, 0x0000000100000000)
  eden space 4096K, 100% used [0x00000000d5580000,0x00000000d5980000,0x00000000d5980000)
  from space 512K, 100% used [0x00000000d5a80000,0x00000000d5b00000,0x00000000d5b00000)
  to   space 512K, 0% used [0x00000000d5b00000,0x00000000d5b00000,0x00000000d5b80000)
 ParOldGen       total 241152K, used 147506K [0x0000000080000000, 0x000000008eb80000, 0x00000000d5580000)
  object space 241152K, 61% used [0x0000000080000000,0x000000008900c848,0x000000008eb80000)
 Metaspace       used 81294K, committed 83008K, reserved 1179648K
  class space    used 8548K, committed 9280K, reserved 1048576K
}
Event: 37.702 GC heap after
{Heap after GC invocations=530 (full 4):
 PSYoungGen      total 4608K, used 480K [0x00000000d5580000, 0x00000000d5b80000, 0x0000000100000000)
  eden space 4096K, 0% used [0x00000000d5580000,0x00000000d5580000,0x00000000d5980000)
  from space 512K, 93% used [0x00000000d5b00000,0x00000000d5b78020,0x00000000d5b80000)
  to   space 1024K, 0% used [0x00000000d5980000,0x00000000d5980000,0x00000000d5a80000)
 ParOldGen       total 241152K, used 147922K [0x0000000080000000, 0x000000008eb80000, 0x00000000d5580000)
  object space 241152K, 61% used [0x0000000080000000,0x0000000089074848,0x000000008eb80000)
 Metaspace       used 81294K, committed 83008K, reserved 1179648K
  class space    used 8548K, committed 9280K, reserved 1048576K
}
Event: 37.717 GC heap before
{Heap before GC invocations=531 (full 4):
 PSYoungGen      total 4608K, used 4576K [0x00000000d5580000, 0x00000000d5b80000, 0x0000000100000000)
  eden space 4096K, 100% used [0x00000000d5580000,0x00000000d5980000,0x00000000d5980000)
  from space 512K, 93% used [0x00000000d5b00000,0x00000000d5b78020,0x00000000d5b80000)
  to   space 1024K, 0% used [0x00000000d5980000,0x00000000d5980000,0x00000000d5a80000)
 ParOldGen       total 241152K, used 147922K [0x0000000080000000, 0x000000008eb80000, 0x00000000d5580000)
  object space 241152K, 61% used [0x0000000080000000,0x0000000089074848,0x000000008eb80000)
 Metaspace       used 81294K, committed 83008K, reserved 1179648K
  class space    used 8548K, committed 9280K, reserved 1048576K
}
Event: 37.718 GC heap after
{Heap after GC invocations=531 (full 4):
 PSYoungGen      total 5120K, used 496K [0x00000000d5580000, 0x00000000d5b80000, 0x0000000100000000)
  eden space 4096K, 0% used [0x00000000d5580000,0x00000000d5580000,0x00000000d5980000)
  from space 1024K, 48% used [0x00000000d5980000,0x00000000d59fc010,0x00000000d5a80000)
  to   space 1024K, 0% used [0x00000000d5a80000,0x00000000d5a80000,0x00000000d5b80000)
 ParOldGen       total 241152K, used 148330K [0x0000000080000000, 0x000000008eb80000, 0x00000000d5580000)
  object space 241152K, 61% used [0x0000000080000000,0x00000000890da868,0x000000008eb80000)
 Metaspace       used 81294K, committed 83008K, reserved 1179648K
  class space    used 8548K, committed 9280K, reserved 1048576K
}
Event: 37.755 GC heap before
{Heap before GC invocations=532 (full 4):
 PSYoungGen      total 5120K, used 4592K [0x00000000d5580000, 0x00000000d5b80000, 0x0000000100000000)
  eden space 4096K, 100% used [0x00000000d5580000,0x00000000d5980000,0x00000000d5980000)
  from space 1024K, 48% used [0x00000000d5980000,0x00000000d59fc010,0x00000000d5a80000)
  to   space 1024K, 0% used [0x00000000d5a80000,0x00000000d5a80000,0x00000000d5b80000)
 ParOldGen       total 241152K, used 148330K [0x0000000080000000, 0x000000008eb80000, 0x00000000d5580000)
  object space 241152K, 61% used [0x0000000080000000,0x00000000890da868,0x000000008eb80000)
 Metaspace       used 81297K, committed 83008K, reserved 1179648K
  class space    used 8548K, committed 9280K, reserved 1048576K
}
Event: 37.756 GC heap after
{Heap after GC invocations=532 (full 4):
 PSYoungGen      total 4608K, used 448K [0x00000000d5580000, 0x00000000d5b00000, 0x0000000100000000)
  eden space 4096K, 0% used [0x00000000d5580000,0x00000000d5580000,0x00000000d5980000)
  from space 512K, 87% used [0x00000000d5a80000,0x00000000d5af0020,0x00000000d5b00000)
  to   space 512K, 0% used [0x00000000d5a00000,0x00000000d5a00000,0x00000000d5a80000)
 ParOldGen       total 241152K, used 148650K [0x0000000080000000, 0x000000008eb80000, 0x00000000d5580000)
  object space 241152K, 61% used [0x0000000080000000,0x000000008912a868,0x000000008eb80000)
 Metaspace       used 81297K, committed 83008K, reserved 1179648K
  class space    used 8548K, committed 9280K, reserved 1048576K
}
Event: 37.780 GC heap before
{Heap before GC invocations=533 (full 4):
 PSYoungGen      total 4608K, used 4533K [0x00000000d5580000, 0x00000000d5b00000, 0x0000000100000000)
  eden space 4096K, 99% used [0x00000000d5580000,0x00000000d597d3f8,0x00000000d5980000)
  from space 512K, 87% used [0x00000000d5a80000,0x00000000d5af0020,0x00000000d5b00000)
  to   space 512K, 0% used [0x00000000d5a00000,0x00000000d5a00000,0x00000000d5a80000)
 ParOldGen       total 241152K, used 148650K [0x0000000080000000, 0x000000008eb80000, 0x00000000d5580000)
  object space 241152K, 61% used [0x0000000080000000,0x000000008912a868,0x000000008eb80000)
 Metaspace       used 81309K, committed 83008K, reserved 1179648K
  class space    used 8548K, committed 9280K, reserved 1048576K
}
Event: 37.781 GC heap after
{Heap after GC invocations=533 (full 4):
 PSYoungGen      total 4608K, used 512K [0x00000000d5580000, 0x00000000d5c80000, 0x0000000100000000)
  eden space 4096K, 0% used [0x00000000d5580000,0x00000000d5580000,0x00000000d5980000)
  from space 512K, 100% used [0x00000000d5a00000,0x00000000d5a80000,0x00000000d5a80000)
  to   space 1536K, 0% used [0x00000000d5b00000,0x00000000d5b00000,0x00000000d5c80000)
 ParOldGen       total 241152K, used 149362K [0x0000000080000000, 0x000000008eb80000, 0x00000000d5580000)
  object space 241152K, 61% used [0x0000000080000000,0x00000000891dc898,0x000000008eb80000)
 Metaspace       used 81309K, committed 83008K, reserved 1179648K
  class space    used 8548K, committed 9280K, reserved 1048576K
}
Event: 37.816 GC heap before
{Heap before GC invocations=534 (full 4):
 PSYoungGen      total 4608K, used 4608K [0x00000000d5580000, 0x00000000d5c80000, 0x0000000100000000)
  eden space 4096K, 100% used [0x00000000d5580000,0x00000000d5980000,0x00000000d5980000)
  from space 512K, 100% used [0x00000000d5a00000,0x00000000d5a80000,0x00000000d5a80000)
  to   space 1536K, 0% used [0x00000000d5b00000,0x00000000d5b00000,0x00000000d5c80000)
 ParOldGen       total 241152K, used 149362K [0x0000000080000000, 0x000000008eb80000, 0x00000000d5580000)
  object space 241152K, 61% used [0x0000000080000000,0x00000000891dc898,0x000000008eb80000)
 Metaspace       used 81432K, committed 83136K, reserved 1179648K
  class space    used 8548K, committed 9280K, reserved 1048576K
}
Event: 37.818 GC heap after
{Heap after GC invocations=534 (full 4):
 PSYoungGen      total 5632K, used 1063K [0x00000000d5580000, 0x00000000d5c80000, 0x0000000100000000)
  eden space 4096K, 0% used [0x00000000d5580000,0x00000000d5580000,0x00000000d5980000)
  from space 1536K, 69% used [0x00000000d5b00000,0x00000000d5c09de0,0x00000000d5c80000)
  to   space 1536K, 0% used [0x00000000d5980000,0x00000000d5980000,0x00000000d5b00000)
 ParOldGen       total 241152K, used 149911K [0x0000000080000000, 0x000000008eb80000, 0x00000000d5580000)
  object space 241152K, 62% used [0x0000000080000000,0x0000000089265ea0,0x000000008eb80000)
 Metaspace       used 81432K, committed 83136K, reserved 1179648K
  class space    used 8548K, committed 9280K, reserved 1048576K
}
Event: 321.610 GC heap before
{Heap before GC invocations=535 (full 4):
 PSYoungGen      total 5632K, used 5159K [0x00000000d5580000, 0x00000000d5c80000, 0x0000000100000000)
  eden space 4096K, 100% used [0x00000000d5580000,0x00000000d5980000,0x00000000d5980000)
  from space 1536K, 69% used [0x00000000d5b00000,0x00000000d5c09de0,0x00000000d5c80000)
  to   space 1536K, 0% used [0x00000000d5980000,0x00000000d5980000,0x00000000d5b00000)
 ParOldGen       total 241152K, used 149911K [0x0000000080000000, 0x000000008eb80000, 0x00000000d5580000)
  object space 241152K, 62% used [0x0000000080000000,0x0000000089265ea0,0x000000008eb80000)
 Metaspace       used 81661K, committed 83456K, reserved 1179648K
  class space    used 8574K, committed 9344K, reserved 1048576K
}
Event: 321.645 GC heap after
{Heap after GC invocations=535 (full 4):
 PSYoungGen      total 4608K, used 448K [0x00000000d5580000, 0x00000000d5b80000, 0x0000000100000000)
  eden space 4096K, 0% used [0x00000000d5580000,0x00000000d5580000,0x00000000d5980000)
  from space 512K, 87% used [0x00000000d5980000,0x00000000d59f0000,0x00000000d5a00000)
  to   space 1024K, 0% used [0x00000000d5a80000,0x00000000d5a80000,0x00000000d5b80000)
 ParOldGen       total 241152K, used 150813K [0x0000000080000000, 0x000000008eb80000, 0x00000000d5580000)
  object space 241152K, 62% used [0x0000000080000000,0x00000000893477a8,0x000000008eb80000)
 Metaspace       used 81661K, committed 83456K, reserved 1179648K
  class space    used 8574K, committed 9344K, reserved 1048576K
}

